2.12.0
Number of devices: 4
[PhysicalDevice(name='/physical_device:GPU:0', device_type='GPU'), PhysicalDevice(name='/physical_device:GPU:1', device_type='GPU'), PhysicalDevice(name='/physical_device:GPU:2', device_type='GPU'), PhysicalDevice(name='/physical_device:GPU:3', device_type='GPU')]
[LogicalDevice(name='/device:CPU:0', device_type='CPU'), LogicalDevice(name='/device:GPU:0', device_type='GPU'), LogicalDevice(name='/device:GPU:1', device_type='GPU'), LogicalDevice(name='/device:GPU:2', device_type='GPU'), LogicalDevice(name='/device:GPU:3', device_type='GPU')]
Global Batch Size:  12
Total Images in dataset:  2800
Namespace(create_dataset=True, augment=True, train_vq=True, train_dm=False, dataset='all-T', test_vq=False, test_dm=False, lr=1e-05, lbs=3, epochs=100, val_perc=0.1, suffix='B12-KR-AUG-all-T', num_gpus=4, kernel_resize=True, test_epoch=None, save_best_only=True, vqvae_load_ckpt=None, timesteps=300, resume_ckpt=None, test_run=False, bs=12, test_size=4)
Total images available for training:  2796
1708267318.2249615
2796
1332
Number of augmented images:  1332
Number of total images:  4128
Save Successful time taken: 90.72972891728084
Number of images in the training dataset: 3708
Number of images in the validation dataset: 420
Training Scaled VQVAE monai
Model: "model"
_________________________________________________________________
 Layer (type)                Output Shape              Param #   
=================================================================
 input_1 (InputLayer)        [(None, 128, 128, 128, 1  0         
                             )]                                  
                                                                 
 vqvae (VQVAE)               (None, 128, 128, 128, 1)  75596167  
                                                                 
=================================================================
Total params: 75,596,167
Trainable params: 75,593,473
Non-trainable params: 2,694
_________________________________________________________________
None
Training Now
Epoch 1/100
